<?xml version="1.0" encoding="UTF-8"?>
<!-- Generated by org.testng.reporters.JUnitReportReporter -->
<testsuite hostname="DESKTOP-EQ55Q8H" failures="0" tests="1" name="httpMethods.C01_SingleUser_GetRequest_OlderWay" time="4.056" errors="0" timestamp="2024-10-25T10:39:50 IST" skipped="0">
  <testcase classname="httpMethods.C01_SingleUser_GetRequest_OlderWay" name="singeleUserGet" time="4.056"/>
</testsuite> <!-- httpMethods.C01_SingleUser_GetRequest_OlderWay -->
