<?xml version="1.0" encoding="UTF-8"?>
<!-- Generated by org.testng.reporters.JUnitReportReporter -->
<testsuite hostname="DESKTOP-EQ55Q8H" failures="0" tests="1" name="api_Assignment.Assignment_3" time="3.794" errors="0" timestamp="2024-10-30T08:55:53 IST" skipped="0">
  <testcase classname="api_Assignment.Assignment_3" name="RetriveUserList" time="3.794"/>
</testsuite> <!-- api_Assignment.Assignment_3 -->
