<?xml version="1.0" encoding="UTF-8"?>
<!-- Generated by org.testng.reporters.JUnitReportReporter -->
<testsuite hostname="DESKTOP-EQ55Q8H" failures="0" tests="1" name="httpMethods.C05_Update_Deleterequest" time="4.739" errors="0" timestamp="2024-10-27T14:24:11 IST" skipped="0">
  <testcase classname="httpMethods.C05_Update_Deleterequest" name="DeleteRequest" time="4.739"/>
</testsuite> <!-- httpMethods.C05_Update_Deleterequest -->
