<?xml version="1.0" encoding="UTF-8"?>
<!-- Generated by org.testng.reporters.JUnitReportReporter -->
<testsuite hostname="DESKTOP-EQ55Q8H" failures="0" tests="1" name="httpMethods.C02_GetRequest_Latest" time="3.642" errors="0" timestamp="2024-10-25T10:57:54 IST" skipped="0">
  <testcase classname="httpMethods.C02_GetRequest_Latest" name="singleUserRequest" time="3.642"/>
</testsuite> <!-- httpMethods.C02_GetRequest_Latest -->
