<?xml version="1.0" encoding="UTF-8"?>
<!-- Generated by org.testng.reporters.JUnitReportReporter -->
<testsuite hostname="DESKTOP-EQ55Q8H" failures="0" tests="2" name="httpMethods.C03_PostRequest" time="6.419" errors="0" timestamp="2024-10-30T09:16:50 IST" skipped="0">
  <testcase classname="httpMethods.C03_PostRequest" name="PostWithHashMap" time="5.678"/>
  <testcase classname="httpMethods.C03_PostRequest" name="post_pojo" time="0.741"/>
</testsuite> <!-- httpMethods.C03_PostRequest -->
