<?xml version="1.0" encoding="UTF-8"?>
<!-- Generated by org.testng.reporters.JUnitReportReporter -->
<testsuite hostname="DESKTOP-EQ55Q8H" failures="0" tests="1" name="api_Assignment.Assignment_2" time="4.091" errors="0" timestamp="2024-10-30T08:52:45 IST" skipped="0">
  <testcase classname="api_Assignment.Assignment_2" name="DeleteUser" time="4.091"/>
</testsuite> <!-- api_Assignment.Assignment_2 -->
