<?xml version="1.0" encoding="UTF-8"?>
<!-- Generated by org.testng.reporters.JUnitReportReporter -->
<testsuite hostname="DESKTOP-EQ55Q8H" failures="0" tests="2" name="apiTest.D01_CookiesTest" time="5.195" errors="0" timestamp="2024-10-28T09:47:02 IST" skipped="0">
  <testcase classname="apiTest.D01_CookiesTest" name="getSingleCookies" time="0.967"/>
  <testcase classname="apiTest.D01_CookiesTest" name="getAllCookies" time="4.228"/>
</testsuite> <!-- apiTest.D01_CookiesTest -->
