<?xml version="1.0" encoding="UTF-8"?>
<!-- Generated by org.testng.reporters.JUnitReportReporter -->
<testsuite hostname="DESKTOP-EQ55Q8H" failures="0" tests="1" name="httpMethods.C06_QueryParameter" time="4.214" errors="0" timestamp="2024-10-27T15:22:20 IST" skipped="0">
  <testcase classname="httpMethods.C06_QueryParameter" name="queryPathParameter" time="4.214"/>
</testsuite> <!-- httpMethods.C06_QueryParameter -->
