<?xml version="1.0" encoding="UTF-8"?>
<!-- Generated by org.testng.reporters.JUnitReportReporter -->
<testsuite hostname="DESKTOP-EQ55Q8H" failures="0" tests="1" name="api_Assignment.Assignment_4" time="10.272" errors="0" timestamp="2024-10-30T09:42:51 IST" skipped="0">
  <testcase classname="api_Assignment.Assignment_4" name="auth" time="10.272"/>
</testsuite> <!-- api_Assignment.Assignment_4 -->
