<?xml version="1.0" encoding="UTF-8"?>
<!-- Generated by org.testng.reporters.JUnitReportReporter -->
<testsuite hostname="DESKTOP-EQ55Q8H" failures="0" tests="2" name="apiTest.D03_Serailization_deSerailization" time="0.510" errors="0" timestamp="2024-10-29T09:47:57 IST" skipped="0">
  <testcase classname="apiTest.D03_Serailization_deSerailization" name="Serailization" time="0.461"/>
  <testcase classname="apiTest.D03_Serailization_deSerailization" name="deSerailization" time="0.049"/>
</testsuite> <!-- apiTest.D03_Serailization_deSerailization -->
