<?xml version="1.0" encoding="UTF-8"?>
<!-- Generated by org.testng.reporters.JUnitReportReporter -->
<testsuite hostname="DESKTOP-EQ55Q8H" failures="0" tests="2" name="apiTest.D02_Header" time="5.066" errors="0" timestamp="2024-10-28T10:17:06 IST" skipped="0">
  <testcase classname="apiTest.D02_Header" name="GetAllHeader" time="4.059"/>
  <testcase classname="apiTest.D02_Header" name="GetSingleHeader" time="1.007"/>
</testsuite> <!-- apiTest.D02_Header -->
