<?xml version="1.0" encoding="UTF-8"?>
<!-- Generated by org.testng.reporters.JUnitReportReporter -->
<testsuite hostname="DESKTOP-EQ55Q8H" failures="0" tests="1" name="apiTest.D04_Authentications" time="6.795" errors="0" timestamp="2024-10-29T11:45:51 IST" skipped="0">
  <testcase classname="apiTest.D04_Authentications" name="BasicAuthentication" time="6.795"/>
</testsuite> <!-- apiTest.D04_Authentications -->
